16-10-25 21:00 UTC -- Bein Sports CSV Creation -  Started.
16-10-25 21:03 UTC -- Bein Sports CSV Creation -  Completed.
16-10-25 21:03 UTC -- Bein Sports XML Creation -  Started.
16-10-25 21:03 UTC -- Bein Sports XML Creation -  Completed.
16-10-25 21:03 UTC -- Now TV Hong Kong CSV Creation -  Started.
16-10-25 21:06 UTC -- Now TV Hong Kong CSV Creation -  Completed.
16-10-25 21:06 UTC -- Now TV Hong Kong XML Creation -  Started.
16-10-25 21:06 UTC -- Now TV Hong Kong XML Creation -  Completed.
16-10-25 21:06 UTC -- B Sky B UK CSV Creation -  Started.
16-10-25 22:13 UTC -- B Sky B UK CSV Creation -  Completed.
16-10-25 22:13 UTC -- B Sky B UK XML Creation -  Started.
16-10-25 22:13 UTC -- B Sky B UK XML Creation -  Completed.
16-10-25 22:13 UTC -- Starhub SG CSV Creation -  Started.
16-10-25 22:28 UTC -- Starhub SG CSV Creation -  Completed.
16-10-25 22:28 UTC -- Starhub SG XML Creation -  Started.
16-10-25 22:28 UTC -- Starhub SG XML Creation -  Completed.
16-10-25 22:28 UTC -- Virgin Media IE CSV Creation -  Started.
16-10-25 22:28 UTC -- Virgin Media IE CSV Creation -  Completed.
16-10-25 22:28 UTC -- Virgin Media IE XML Creation -  Started.
16-10-25 22:28 UTC -- Virgin Media IE XML Creation -  Completed.
16-10-25 22:28 UTC -- Canal+ FR CSV Creation -  Started.
16-10-25 22:45 UTC -- Canal+ FR CSV Creation -  Completed.
16-10-25 22:45 UTC -- Canal+ FR XML Creation -  Started.
16-10-25 22:45 UTC -- Canal+ FR XML Creation -  Completed.
16-10-25 22:45 UTC -- Sky DE CSV Creation -  Started.
16-10-25 22:47 UTC -- Sky DE CSV Creation -  Completed.
16-10-25 22:47 UTC -- Sky DE XML Creation -  Started.
16-10-25 22:47 UTC -- Sky DE XML Creation -  Completed.
16-10-25 22:47 UTC -- Magenta TV DE CSV Creation -  Started.
16-10-25 22:50 UTC -- Magenta TV DE CSV Creation -  Completed.
16-10-25 22:50 UTC -- Magenta TV DE XML Creation -  Started.
16-10-25 22:50 UTC -- Magenta TV DE XML Creation -  Completed.
16-10-25 22:50 UTC -- Fox Sports AU CSV Creation -  Started.
16-10-25 22:50 UTC -- Fox Sports AU CSV Creation -  Completed.
16-10-25 22:50 UTC -- Fox Sports AU XML Creation -  Started.
16-10-25 22:50 UTC -- Fox Sports AU XML Creation -  Completed.
16-10-25 22:50 UTC -- Bulgaria Sports Channels CSV Creation -  Started.
16-10-25 22:54 UTC -- Bulgaria Sports Channels CSV Creation -  Completed.
16-10-25 22:54 UTC -- Bulgaria Sports ChannelsXML Creation -  Started.
16-10-25 22:54 UTC -- Bulgaria Sports ChannelsXML Creation -  Completed.
